This file contains any messages produced by compilers while
running configure, to aid debugging if configure makes a mistake.

It was created by newudpl configure 1.7, which was
generated by GNU Autoconf 2.69.  Invocation command line was

  $ ./configure 

## --------- ##
## Platform. ##
## --------- ##

hostname = tiger-virtual-machine
uname -m = x86_64
uname -r = 4.15.0-210-generic
uname -s = Linux
uname -v = #221-Ubuntu SMP Tue Apr 18 08:32:52 UTC 2023

/usr/bin/uname -p = unknown
/bin/uname -X     = unknown

/bin/arch              = unknown
/usr/bin/arch -k       = unknown
/usr/convex/getsysinfo = unknown
/usr/bin/hostinfo      = unknown
/bin/machine           = unknown
/usr/bin/oslevel       = unknown
/bin/universe          = unknown

PATH: /home/tiger/.vscode-server/bin/704ed70d4fd1c6bd6342c436f1ede30d1cff4710/bin/remote-cli
PATH: /home/tiger/miniconda3/bin
PATH: /home/tiger/miniconda3/condabin
PATH: /usr/local/sbin
PATH: /usr/local/bin
PATH: /usr/sbin
PATH: /usr/bin
PATH: /sbin
PATH: /bin
PATH: /usr/games
PATH: /usr/local/games
PATH: /snap/bin


## ----------- ##
## Core tests. ##
## ----------- ##

configure:2250: checking for a BSD-compatible install
configure:2318: result: /usr/bin/install -c
configure:2329: checking whether build environment is sane
configure:2384: result: yes
configure:2422: WARNING: 'missing' script is too old or missing
configure:2535: checking for a thread-safe mkdir -p
configure:2574: result: /bin/mkdir -p
configure:2581: checking for gawk
configure:2611: result: no
configure:2581: checking for mawk
configure:2597: found /usr/bin/mawk
configure:2608: result: mawk
configure:2619: checking whether make sets $(MAKE)
configure:2641: result: yes
configure:2670: checking whether make supports nested variables
configure:2687: result: yes
configure:2819: checking for gawk
configure:2846: result: mawk
configure:2905: checking for gcc
configure:2921: found /usr/bin/gcc
configure:2932: result: gcc
configure:3161: checking for C compiler version
configure:3170: gcc --version >&5
gcc (Ubuntu 7.5.0-3ubuntu1~18.04) 7.5.0
Copyright (C) 2017 Free Software Foundation, Inc.
This is free software; see the source for copying conditions.  There is NO
warranty; not even for MERCHANTABILITY or FITNESS FOR A PARTICULAR PURPOSE.

configure:3181: $? = 0
configure:3170: gcc -v >&5
Using built-in specs.
COLLECT_GCC=gcc
COLLECT_LTO_WRAPPER=/usr/lib/gcc/x86_64-linux-gnu/7/lto-wrapper
OFFLOAD_TARGET_NAMES=nvptx-none
OFFLOAD_TARGET_DEFAULT=1
Target: x86_64-linux-gnu
Configured with: ../src/configure -v --with-pkgversion='Ubuntu 7.5.0-3ubuntu1~18.04' --with-bugurl=file:///usr/share/doc/gcc-7/README.Bugs --enable-languages=c,ada,c++,go,brig,d,fortran,objc,obj-c++ --prefix=/usr --with-gcc-major-version-only --program-suffix=-7 --program-prefix=x86_64-linux-gnu- --enable-shared --enable-linker-build-id --libexecdir=/usr/lib --without-included-gettext --enable-threads=posix --libdir=/usr/lib --enable-nls --enable-bootstrap --enable-clocale=gnu --enable-libstdcxx-debug --enable-libstdcxx-time=yes --with-default-libstdcxx-abi=new --enable-gnu-unique-object --disable-vtable-verify --enable-libmpx --enable-plugin --enable-default-pie --with-system-zlib --with-target-system-zlib --enable-objc-gc=auto --enable-multiarch --disable-werror --with-arch-32=i686 --with-abi=m64 --with-multilib-list=m32,m64,mx32 --enable-multilib --with-tune=generic --enable-offload-targets=nvptx-none --without-cuda-driver --enable-checking=release --build=x86_64-linux-gnu --host=x86_64-linux-gnu --target=x86_64-linux-gnu
Thread model: posix
gcc version 7.5.0 (Ubuntu 7.5.0-3ubuntu1~18.04) 
configure:3181: $? = 0
configure:3170: gcc -V >&5
gcc: error: unrecognized command line option '-V'
gcc: fatal error: no input files
compilation terminated.
configure:3181: $? = 1
configure:3170: gcc -qversion >&5
gcc: error: unrecognized command line option '-qversion'; did you mean '--version'?
gcc: fatal error: no input files
compilation terminated.
configure:3181: $? = 1
configure:3201: checking whether the C compiler works
configure:3223: gcc    conftest.c  >&5
configure:3227: $? = 0
configure:3275: result: yes
configure:3278: checking for C compiler default output file name
configure:3280: result: a.out
configure:3286: checking for suffix of executables
configure:3293: gcc -o conftest    conftest.c  >&5
configure:3297: $? = 0
configure:3319: result: 
configure:3341: checking whether we are cross compiling
configure:3349: gcc -o conftest    conftest.c  >&5
configure:3353: $? = 0
configure:3360: ./conftest
configure:3364: $? = 0
configure:3379: result: no
configure:3384: checking for suffix of object files
configure:3406: gcc -c   conftest.c >&5
configure:3410: $? = 0
configure:3431: result: o
configure:3435: checking whether we are using the GNU C compiler
configure:3454: gcc -c   conftest.c >&5
configure:3454: $? = 0
configure:3463: result: yes
configure:3472: checking whether gcc accepts -g
configure:3492: gcc -c -g  conftest.c >&5
configure:3492: $? = 0
configure:3533: result: yes
configure:3550: checking for gcc option to accept ISO C89
configure:3613: gcc  -c -g -O2  conftest.c >&5
configure:3613: $? = 0
configure:3626: result: none needed
configure:3651: checking whether gcc understands -c and -o together
configure:3673: gcc -c conftest.c -o conftest2.o
configure:3676: $? = 0
configure:3673: gcc -c conftest.c -o conftest2.o
configure:3676: $? = 0
configure:3688: result: yes
configure:3716: checking for style of include used by make
configure:3744: result: GNU
configure:3770: checking dependency style of gcc
configure:3881: result: gcc3
configure:3897: checking whether ln -s works
configure:3901: result: yes
configure:3915: checking for floor in -lm
configure:3940: gcc -o conftest -g -O2 -Wall   conftest.c -lm   >&5
conftest.c:18:6: warning: conflicting types for built-in function 'floor' [-Wbuiltin-declaration-mismatch]
 char floor ();
      ^~~~~
configure:3940: $? = 0
configure:3949: result: yes
configure:3960: checking for gethostbyname in -lnsl
configure:3985: gcc -o conftest -g -O2 -Wall   conftest.c -lnsl  -lm  >&5
configure:3985: $? = 0
configure:3994: result: yes
configure:4005: checking for bind in -lsocket
configure:4030: gcc -o conftest -g -O2 -Wall   conftest.c -lsocket  -lnsl -lm  >&5
/usr/bin/ld: cannot find -lsocket
collect2: error: ld returned 1 exit status
configure:4030: $? = 1
configure: failed program was:
| /* confdefs.h */
| #define PACKAGE_NAME "newudpl"
| #define PACKAGE_TARNAME "newudpl"
| #define PACKAGE_VERSION "1.7"
| #define PACKAGE_STRING "newudpl 1.7"
| #define PACKAGE_BUGREPORT ""
| #define PACKAGE_URL ""
| #define PACKAGE "newudpl"
| #define VERSION "1.7"
| #define HAVE_LIBM 1
| #define HAVE_LIBNSL 1
| /* end confdefs.h.  */
| 
| /* Override any GCC internal prototype to avoid an error.
|    Use char because int might match the return type of a GCC
|    builtin and then its argument prototype would still apply.  */
| #ifdef __cplusplus
| extern "C"
| #endif
| char bind ();
| int
| main ()
| {
| return bind ();
|   ;
|   return 0;
| }
configure:4039: result: no
configure:4057: checking how to run the C preprocessor
configure:4088: gcc -E  conftest.c
configure:4088: $? = 0
configure:4102: gcc -E  conftest.c
conftest.c:13:10: fatal error: ac_nonexistent.h: No such file or directory
 #include <ac_nonexistent.h>
          ^~~~~~~~~~~~~~~~~~
compilation terminated.
configure:4102: $? = 1
configure: failed program was:
| /* confdefs.h */
| #define PACKAGE_NAME "newudpl"
| #define PACKAGE_TARNAME "newudpl"
| #define PACKAGE_VERSION "1.7"
| #define PACKAGE_STRING "newudpl 1.7"
| #define PACKAGE_BUGREPORT ""
| #define PACKAGE_URL ""
| #define PACKAGE "newudpl"
| #define VERSION "1.7"
| #define HAVE_LIBM 1
| #define HAVE_LIBNSL 1
| /* end confdefs.h.  */
| #include <ac_nonexistent.h>
configure:4127: result: gcc -E
configure:4147: gcc -E  conftest.c
configure:4147: $? = 0
configure:4161: gcc -E  conftest.c
conftest.c:13:10: fatal error: ac_nonexistent.h: No such file or directory
 #include <ac_nonexistent.h>
          ^~~~~~~~~~~~~~~~~~
compilation terminated.
configure:4161: $? = 1
configure: failed program was:
| /* confdefs.h */
| #define PACKAGE_NAME "newudpl"
| #define PACKAGE_TARNAME "newudpl"
| #define PACKAGE_VERSION "1.7"
| #define PACKAGE_STRING "newudpl 1.7"
| #define PACKAGE_BUGREPORT ""
| #define PACKAGE_URL ""
| #define PACKAGE "newudpl"
| #define VERSION "1.7"
| #define HAVE_LIBM 1
| #define HAVE_LIBNSL 1
| /* end confdefs.h.  */
| #include <ac_nonexistent.h>
configure:4190: checking for grep that handles long lines and -e
configure:4248: result: /bin/grep
configure:4253: checking for egrep
configure:4315: result: /bin/grep -E
configure:4320: checking for ANSI C header files
configure:4340: gcc -c -g -O2 -Wall  conftest.c >&5
configure:4340: $? = 0
configure:4413: gcc -o conftest -g -O2 -Wall   conftest.c -lnsl -lm  >&5
configure:4413: $? = 0
configure:4413: ./conftest
configure:4413: $? = 0
configure:4424: result: yes
configure:4437: checking for sys/types.h
configure:4437: gcc -c -g -O2 -Wall  conftest.c >&5
configure:4437: $? = 0
configure:4437: result: yes
configure:4437: checking for sys/stat.h
configure:4437: gcc -c -g -O2 -Wall  conftest.c >&5
configure:4437: $? = 0
configure:4437: result: yes
configure:4437: checking for stdlib.h
configure:4437: gcc -c -g -O2 -Wall  conftest.c >&5
configure:4437: $? = 0
configure:4437: result: yes
configure:4437: checking for string.h
configure:4437: gcc -c -g -O2 -Wall  conftest.c >&5
configure:4437: $? = 0
configure:4437: result: yes
configure:4437: checking for memory.h
configure:4437: gcc -c -g -O2 -Wall  conftest.c >&5
configure:4437: $? = 0
configure:4437: result: yes
configure:4437: checking for strings.h
configure:4437: gcc -c -g -O2 -Wall  conftest.c >&5
configure:4437: $? = 0
configure:4437: result: yes
configure:4437: checking for inttypes.h
configure:4437: gcc -c -g -O2 -Wall  conftest.c >&5
configure:4437: $? = 0
configure:4437: result: yes
configure:4437: checking for stdint.h
configure:4437: gcc -c -g -O2 -Wall  conftest.c >&5
configure:4437: $? = 0
configure:4437: result: yes
configure:4437: checking for unistd.h
configure:4437: gcc -c -g -O2 -Wall  conftest.c >&5
configure:4437: $? = 0
configure:4437: result: yes
configure:4452: checking arpa/inet.h usability
configure:4452: gcc -c -g -O2 -Wall  conftest.c >&5
configure:4452: $? = 0
configure:4452: result: yes
configure:4452: checking arpa/inet.h presence
configure:4452: gcc -E  conftest.c
configure:4452: $? = 0
configure:4452: result: yes
configure:4452: checking for arpa/inet.h
configure:4452: result: yes
configure:4452: checking netdb.h usability
configure:4452: gcc -c -g -O2 -Wall  conftest.c >&5
configure:4452: $? = 0
configure:4452: result: yes
configure:4452: checking netdb.h presence
configure:4452: gcc -E  conftest.c
configure:4452: $? = 0
configure:4452: result: yes
configure:4452: checking for netdb.h
configure:4452: result: yes
configure:4452: checking netinet/in.h usability
configure:4452: gcc -c -g -O2 -Wall  conftest.c >&5
configure:4452: $? = 0
configure:4452: result: yes
configure:4452: checking netinet/in.h presence
configure:4452: gcc -E  conftest.c
configure:4452: $? = 0
configure:4452: result: yes
configure:4452: checking for netinet/in.h
configure:4452: result: yes
configure:4452: checking sys/socket.h usability
configure:4452: gcc -c -g -O2 -Wall  conftest.c >&5
configure:4452: $? = 0
configure:4452: result: yes
configure:4452: checking sys/socket.h presence
configure:4452: gcc -E  conftest.c
configure:4452: $? = 0
configure:4452: result: yes
configure:4452: checking for sys/socket.h
configure:4452: result: yes
configure:4452: checking sys/select.h usability
configure:4452: gcc -c -g -O2 -Wall  conftest.c >&5
configure:4452: $? = 0
configure:4452: result: yes
configure:4452: checking sys/select.h presence
configure:4452: gcc -E  conftest.c
configure:4452: $? = 0
configure:4452: result: yes
configure:4452: checking for sys/select.h
configure:4452: result: yes
configure:4452: checking sys/time.h usability
configure:4452: gcc -c -g -O2 -Wall  conftest.c >&5
configure:4452: $? = 0
configure:4452: result: yes
configure:4452: checking sys/time.h presence
configure:4452: gcc -E  conftest.c
configure:4452: $? = 0
configure:4452: result: yes
configure:4452: checking for sys/time.h
configure:4452: result: yes
configure:4452: checking sys/timeb.h usability
configure:4452: gcc -c -g -O2 -Wall  conftest.c >&5
configure:4452: $? = 0
configure:4452: result: yes
configure:4452: checking sys/timeb.h presence
configure:4452: gcc -E  conftest.c
configure:4452: $? = 0
configure:4452: result: yes
configure:4452: checking for sys/timeb.h
configure:4452: result: yes
configure:4452: checking time.h usability
configure:4452: gcc -c -g -O2 -Wall  conftest.c >&5
configure:4452: $? = 0
configure:4452: result: yes
configure:4452: checking time.h presence
configure:4452: gcc -E  conftest.c
configure:4452: $? = 0
configure:4452: result: yes
configure:4452: checking for time.h
configure:4452: result: yes
configure:4452: checking for unistd.h
configure:4452: result: yes
configure:4452: checking limits.h usability
configure:4452: gcc -c -g -O2 -Wall  conftest.c >&5
configure:4452: $? = 0
configure:4452: result: yes
configure:4452: checking limits.h presence
configure:4452: gcc -E  conftest.c
configure:4452: $? = 0
configure:4452: result: yes
configure:4452: checking for limits.h
configure:4452: result: yes
configure:4452: checking sys/utsname.h usability
configure:4452: gcc -c -g -O2 -Wall  conftest.c >&5
configure:4452: $? = 0
configure:4452: result: yes
configure:4452: checking sys/utsname.h presence
configure:4452: gcc -E  conftest.c
configure:4452: $? = 0
configure:4452: result: yes
configure:4452: checking for sys/utsname.h
configure:4452: result: yes
configure:4452: checking sys/param.h usability
configure:4452: gcc -c -g -O2 -Wall  conftest.c >&5
configure:4452: $? = 0
configure:4452: result: yes
configure:4452: checking sys/param.h presence
configure:4452: gcc -E  conftest.c
configure:4452: $? = 0
configure:4452: result: yes
configure:4452: checking for sys/param.h
configure:4452: result: yes
configure:4452: checking rpcsvc/ypclnt.h usability
configure:4452: gcc -c -g -O2 -Wall  conftest.c >&5
configure:4452: $? = 0
configure:4452: result: yes
configure:4452: checking rpcsvc/ypclnt.h presence
configure:4452: gcc -E  conftest.c
configure:4452: $? = 0
configure:4452: result: yes
configure:4452: checking for rpcsvc/ypclnt.h
configure:4452: result: yes
configure:4462: checking whether time.h and sys/time.h may both be included
configure:4482: gcc -c -g -O2 -Wall  conftest.c >&5
configure:4482: $? = 0
configure:4489: result: yes
configure:4505: checking for int8_t
configure:4505: gcc -c -g -O2 -Wall  conftest.c >&5
configure:4505: $? = 0
configure:4505: gcc -c -g -O2 -Wall  conftest.c >&5
conftest.c: In function 'main':
conftest.c:73:21: error: expected expression before ')' token
 if (sizeof ((int8_t)))
                     ^
configure:4505: $? = 1
configure: failed program was:
| /* confdefs.h */
| #define PACKAGE_NAME "newudpl"
| #define PACKAGE_TARNAME "newudpl"
| #define PACKAGE_VERSION "1.7"
| #define PACKAGE_STRING "newudpl 1.7"
| #define PACKAGE_BUGREPORT ""
| #define PACKAGE_URL ""
| #define PACKAGE "newudpl"
| #define VERSION "1.7"
| #define HAVE_LIBM 1
| #define HAVE_LIBNSL 1
| #define STDC_HEADERS 1
| #define HAVE_SYS_TYPES_H 1
| #define HAVE_SYS_STAT_H 1
| #define HAVE_STDLIB_H 1
| #define HAVE_STRING_H 1
| #define HAVE_MEMORY_H 1
| #define HAVE_STRINGS_H 1
| #define HAVE_INTTYPES_H 1
| #define HAVE_STDINT_H 1
| #define HAVE_UNISTD_H 1
| #define HAVE_ARPA_INET_H 1
| #define HAVE_NETDB_H 1
| #define HAVE_NETINET_IN_H 1
| #define HAVE_SYS_SOCKET_H 1
| #define HAVE_SYS_SELECT_H 1
| #define HAVE_SYS_TIME_H 1
| #define HAVE_SYS_TIMEB_H 1
| #define HAVE_TIME_H 1
| #define HAVE_UNISTD_H 1
| #define HAVE_LIMITS_H 1
| #define HAVE_SYS_UTSNAME_H 1
| #define HAVE_SYS_PARAM_H 1
| #define HAVE_RPCSVC_YPCLNT_H 1
| #define TIME_WITH_SYS_TIME 1
| /* end confdefs.h.  */
| #include <stdio.h>
| #ifdef HAVE_SYS_TYPES_H
| # include <sys/types.h>
| #endif
| #ifdef HAVE_SYS_STAT_H
| # include <sys/stat.h>
| #endif
| #ifdef STDC_HEADERS
| # include <stdlib.h>
| # include <stddef.h>
| #else
| # ifdef HAVE_STDLIB_H
| #  include <stdlib.h>
| # endif
| #endif
| #ifdef HAVE_STRING_H
| # if !defined STDC_HEADERS && defined HAVE_MEMORY_H
| #  include <memory.h>
| # endif
| # include <string.h>
| #endif
| #ifdef HAVE_STRINGS_H
| # include <strings.h>
| #endif
| #ifdef HAVE_INTTYPES_H
| # include <inttypes.h>
| #endif
| #ifdef HAVE_STDINT_H
| # include <stdint.h>
| #endif
| #ifdef HAVE_UNISTD_H
| # include <unistd.h>
| #endif
| int
| main ()
| {
| if (sizeof ((int8_t)))
| 	    return 0;
|   ;
|   return 0;
| }
configure:4505: result: yes
configure:4514: checking for uint8_t
configure:4514: gcc -c -g -O2 -Wall  conftest.c >&5
configure:4514: $? = 0
configure:4514: gcc -c -g -O2 -Wall  conftest.c >&5
conftest.c: In function 'main':
conftest.c:74:22: error: expected expression before ')' token
 if (sizeof ((uint8_t)))
                      ^
configure:4514: $? = 1
configure: failed program was:
| /* confdefs.h */
| #define PACKAGE_NAME "newudpl"
| #define PACKAGE_TARNAME "newudpl"
| #define PACKAGE_VERSION "1.7"
| #define PACKAGE_STRING "newudpl 1.7"
| #define PACKAGE_BUGREPORT ""
| #define PACKAGE_URL ""
| #define PACKAGE "newudpl"
| #define VERSION "1.7"
| #define HAVE_LIBM 1
| #define HAVE_LIBNSL 1
| #define STDC_HEADERS 1
| #define HAVE_SYS_TYPES_H 1
| #define HAVE_SYS_STAT_H 1
| #define HAVE_STDLIB_H 1
| #define HAVE_STRING_H 1
| #define HAVE_MEMORY_H 1
| #define HAVE_STRINGS_H 1
| #define HAVE_INTTYPES_H 1
| #define HAVE_STDINT_H 1
| #define HAVE_UNISTD_H 1
| #define HAVE_ARPA_INET_H 1
| #define HAVE_NETDB_H 1
| #define HAVE_NETINET_IN_H 1
| #define HAVE_SYS_SOCKET_H 1
| #define HAVE_SYS_SELECT_H 1
| #define HAVE_SYS_TIME_H 1
| #define HAVE_SYS_TIMEB_H 1
| #define HAVE_TIME_H 1
| #define HAVE_UNISTD_H 1
| #define HAVE_LIMITS_H 1
| #define HAVE_SYS_UTSNAME_H 1
| #define HAVE_SYS_PARAM_H 1
| #define HAVE_RPCSVC_YPCLNT_H 1
| #define TIME_WITH_SYS_TIME 1
| #define HAVE_INT8_T 1
| /* end confdefs.h.  */
| #include <stdio.h>
| #ifdef HAVE_SYS_TYPES_H
| # include <sys/types.h>
| #endif
| #ifdef HAVE_SYS_STAT_H
| # include <sys/stat.h>
| #endif
| #ifdef STDC_HEADERS
| # include <stdlib.h>
| # include <stddef.h>
| #else
| # ifdef HAVE_STDLIB_H
| #  include <stdlib.h>
| # endif
| #endif
| #ifdef HAVE_STRING_H
| # if !defined STDC_HEADERS && defined HAVE_MEMORY_H
| #  include <memory.h>
| # endif
| # include <string.h>
| #endif
| #ifdef HAVE_STRINGS_H
| # include <strings.h>
| #endif
| #ifdef HAVE_INTTYPES_H
| # include <inttypes.h>
| #endif
| #ifdef HAVE_STDINT_H
| # include <stdint.h>
| #endif
| #ifdef HAVE_UNISTD_H
| # include <unistd.h>
| #endif
| int
| main ()
| {
| if (sizeof ((uint8_t)))
| 	    return 0;
|   ;
|   return 0;
| }
configure:4514: result: yes
configure:4523: checking for uint16_t
configure:4523: gcc -c -g -O2 -Wall  conftest.c >&5
configure:4523: $? = 0
configure:4523: gcc -c -g -O2 -Wall  conftest.c >&5
conftest.c: In function 'main':
conftest.c:75:23: error: expected expression before ')' token
 if (sizeof ((uint16_t)))
                       ^
configure:4523: $? = 1
configure: failed program was:
| /* confdefs.h */
| #define PACKAGE_NAME "newudpl"
| #define PACKAGE_TARNAME "newudpl"
| #define PACKAGE_VERSION "1.7"
| #define PACKAGE_STRING "newudpl 1.7"
| #define PACKAGE_BUGREPORT ""
| #define PACKAGE_URL ""
| #define PACKAGE "newudpl"
| #define VERSION "1.7"
| #define HAVE_LIBM 1
| #define HAVE_LIBNSL 1
| #define STDC_HEADERS 1
| #define HAVE_SYS_TYPES_H 1
| #define HAVE_SYS_STAT_H 1
| #define HAVE_STDLIB_H 1
| #define HAVE_STRING_H 1
| #define HAVE_MEMORY_H 1
| #define HAVE_STRINGS_H 1
| #define HAVE_INTTYPES_H 1
| #define HAVE_STDINT_H 1
| #define HAVE_UNISTD_H 1
| #define HAVE_ARPA_INET_H 1
| #define HAVE_NETDB_H 1
| #define HAVE_NETINET_IN_H 1
| #define HAVE_SYS_SOCKET_H 1
| #define HAVE_SYS_SELECT_H 1
| #define HAVE_SYS_TIME_H 1
| #define HAVE_SYS_TIMEB_H 1
| #define HAVE_TIME_H 1
| #define HAVE_UNISTD_H 1
| #define HAVE_LIMITS_H 1
| #define HAVE_SYS_UTSNAME_H 1
| #define HAVE_SYS_PARAM_H 1
| #define HAVE_RPCSVC_YPCLNT_H 1
| #define TIME_WITH_SYS_TIME 1
| #define HAVE_INT8_T 1
| #define HAVE_UINT8_T 1
| /* end confdefs.h.  */
| #include <stdio.h>
| #ifdef HAVE_SYS_TYPES_H
| # include <sys/types.h>
| #endif
| #ifdef HAVE_SYS_STAT_H
| # include <sys/stat.h>
| #endif
| #ifdef STDC_HEADERS
| # include <stdlib.h>
| # include <stddef.h>
| #else
| # ifdef HAVE_STDLIB_H
| #  include <stdlib.h>
| # endif
| #endif
| #ifdef HAVE_STRING_H
| # if !defined STDC_HEADERS && defined HAVE_MEMORY_H
| #  include <memory.h>
| # endif
| # include <string.h>
| #endif
| #ifdef HAVE_STRINGS_H
| # include <strings.h>
| #endif
| #ifdef HAVE_INTTYPES_H
| # include <inttypes.h>
| #endif
| #ifdef HAVE_STDINT_H
| # include <stdint.h>
| #endif
| #ifdef HAVE_UNISTD_H
| # include <unistd.h>
| #endif
| int
| main ()
| {
| if (sizeof ((uint16_t)))
| 	    return 0;
|   ;
|   return 0;
| }
configure:4523: result: yes
configure:4532: checking for uint32_t
configure:4532: gcc -c -g -O2 -Wall  conftest.c >&5
configure:4532: $? = 0
configure:4532: gcc -c -g -O2 -Wall  conftest.c >&5
conftest.c: In function 'main':
conftest.c:76:23: error: expected expression before ')' token
 if (sizeof ((uint32_t)))
                       ^
configure:4532: $? = 1
configure: failed program was:
| /* confdefs.h */
| #define PACKAGE_NAME "newudpl"
| #define PACKAGE_TARNAME "newudpl"
| #define PACKAGE_VERSION "1.7"
| #define PACKAGE_STRING "newudpl 1.7"
| #define PACKAGE_BUGREPORT ""
| #define PACKAGE_URL ""
| #define PACKAGE "newudpl"
| #define VERSION "1.7"
| #define HAVE_LIBM 1
| #define HAVE_LIBNSL 1
| #define STDC_HEADERS 1
| #define HAVE_SYS_TYPES_H 1
| #define HAVE_SYS_STAT_H 1
| #define HAVE_STDLIB_H 1
| #define HAVE_STRING_H 1
| #define HAVE_MEMORY_H 1
| #define HAVE_STRINGS_H 1
| #define HAVE_INTTYPES_H 1
| #define HAVE_STDINT_H 1
| #define HAVE_UNISTD_H 1
| #define HAVE_ARPA_INET_H 1
| #define HAVE_NETDB_H 1
| #define HAVE_NETINET_IN_H 1
| #define HAVE_SYS_SOCKET_H 1
| #define HAVE_SYS_SELECT_H 1
| #define HAVE_SYS_TIME_H 1
| #define HAVE_SYS_TIMEB_H 1
| #define HAVE_TIME_H 1
| #define HAVE_UNISTD_H 1
| #define HAVE_LIMITS_H 1
| #define HAVE_SYS_UTSNAME_H 1
| #define HAVE_SYS_PARAM_H 1
| #define HAVE_RPCSVC_YPCLNT_H 1
| #define TIME_WITH_SYS_TIME 1
| #define HAVE_INT8_T 1
| #define HAVE_UINT8_T 1
| #define HAVE_UINT16_T 1
| /* end confdefs.h.  */
| #include <stdio.h>
| #ifdef HAVE_SYS_TYPES_H
| # include <sys/types.h>
| #endif
| #ifdef HAVE_SYS_STAT_H
| # include <sys/stat.h>
| #endif
| #ifdef STDC_HEADERS
| # include <stdlib.h>
| # include <stddef.h>
| #else
| # ifdef HAVE_STDLIB_H
| #  include <stdlib.h>
| # endif
| #endif
| #ifdef HAVE_STRING_H
| # if !defined STDC_HEADERS && defined HAVE_MEMORY_H
| #  include <memory.h>
| # endif
| # include <string.h>
| #endif
| #ifdef HAVE_STRINGS_H
| # include <strings.h>
| #endif
| #ifdef HAVE_INTTYPES_H
| # include <inttypes.h>
| #endif
| #ifdef HAVE_STDINT_H
| # include <stdint.h>
| #endif
| #ifdef HAVE_UNISTD_H
| # include <unistd.h>
| #endif
| int
| main ()
| {
| if (sizeof ((uint32_t)))
| 	    return 0;
|   ;
|   return 0;
| }
configure:4532: result: yes
configure:4541: checking for ssize_t
configure:4541: gcc -c -g -O2 -Wall  conftest.c >&5
configure:4541: $? = 0
configure:4541: gcc -c -g -O2 -Wall  conftest.c >&5
conftest.c: In function 'main':
conftest.c:77:22: error: expected expression before ')' token
 if (sizeof ((ssize_t)))
                      ^
configure:4541: $? = 1
configure: failed program was:
| /* confdefs.h */
| #define PACKAGE_NAME "newudpl"
| #define PACKAGE_TARNAME "newudpl"
| #define PACKAGE_VERSION "1.7"
| #define PACKAGE_STRING "newudpl 1.7"
| #define PACKAGE_BUGREPORT ""
| #define PACKAGE_URL ""
| #define PACKAGE "newudpl"
| #define VERSION "1.7"
| #define HAVE_LIBM 1
| #define HAVE_LIBNSL 1
| #define STDC_HEADERS 1
| #define HAVE_SYS_TYPES_H 1
| #define HAVE_SYS_STAT_H 1
| #define HAVE_STDLIB_H 1
| #define HAVE_STRING_H 1
| #define HAVE_MEMORY_H 1
| #define HAVE_STRINGS_H 1
| #define HAVE_INTTYPES_H 1
| #define HAVE_STDINT_H 1
| #define HAVE_UNISTD_H 1
| #define HAVE_ARPA_INET_H 1
| #define HAVE_NETDB_H 1
| #define HAVE_NETINET_IN_H 1
| #define HAVE_SYS_SOCKET_H 1
| #define HAVE_SYS_SELECT_H 1
| #define HAVE_SYS_TIME_H 1
| #define HAVE_SYS_TIMEB_H 1
| #define HAVE_TIME_H 1
| #define HAVE_UNISTD_H 1
| #define HAVE_LIMITS_H 1
| #define HAVE_SYS_UTSNAME_H 1
| #define HAVE_SYS_PARAM_H 1
| #define HAVE_RPCSVC_YPCLNT_H 1
| #define TIME_WITH_SYS_TIME 1
| #define HAVE_INT8_T 1
| #define HAVE_UINT8_T 1
| #define HAVE_UINT16_T 1
| #define HAVE_UINT32_T 1
| /* end confdefs.h.  */
| #include <stdio.h>
| #ifdef HAVE_SYS_TYPES_H
| # include <sys/types.h>
| #endif
| #ifdef HAVE_SYS_STAT_H
| # include <sys/stat.h>
| #endif
| #ifdef STDC_HEADERS
| # include <stdlib.h>
| # include <stddef.h>
| #else
| # ifdef HAVE_STDLIB_H
| #  include <stdlib.h>
| # endif
| #endif
| #ifdef HAVE_STRING_H
| # if !defined STDC_HEADERS && defined HAVE_MEMORY_H
| #  include <memory.h>
| # endif
| # include <string.h>
| #endif
| #ifdef HAVE_STRINGS_H
| # include <strings.h>
| #endif
| #ifdef HAVE_INTTYPES_H
| # include <inttypes.h>
| #endif
| #ifdef HAVE_STDINT_H
| # include <stdint.h>
| #endif
| #ifdef HAVE_UNISTD_H
| # include <unistd.h>
| #endif
| int
| main ()
| {
| if (sizeof ((ssize_t)))
| 	    return 0;
|   ;
|   return 0;
| }
configure:4541: result: yes
configure:4551: checking for socklen_t
configure:4551: gcc -c -g -O2 -Wall  conftest.c >&5
configure:4551: $? = 0
configure:4551: gcc -c -g -O2 -Wall  conftest.c >&5
conftest.c: In function 'main':
conftest.c:47:24: error: expected expression before ')' token
 if (sizeof ((socklen_t)))
                        ^
configure:4551: $? = 1
configure: failed program was:
| /* confdefs.h */
| #define PACKAGE_NAME "newudpl"
| #define PACKAGE_TARNAME "newudpl"
| #define PACKAGE_VERSION "1.7"
| #define PACKAGE_STRING "newudpl 1.7"
| #define PACKAGE_BUGREPORT ""
| #define PACKAGE_URL ""
| #define PACKAGE "newudpl"
| #define VERSION "1.7"
| #define HAVE_LIBM 1
| #define HAVE_LIBNSL 1
| #define STDC_HEADERS 1
| #define HAVE_SYS_TYPES_H 1
| #define HAVE_SYS_STAT_H 1
| #define HAVE_STDLIB_H 1
| #define HAVE_STRING_H 1
| #define HAVE_MEMORY_H 1
| #define HAVE_STRINGS_H 1
| #define HAVE_INTTYPES_H 1
| #define HAVE_STDINT_H 1
| #define HAVE_UNISTD_H 1
| #define HAVE_ARPA_INET_H 1
| #define HAVE_NETDB_H 1
| #define HAVE_NETINET_IN_H 1
| #define HAVE_SYS_SOCKET_H 1
| #define HAVE_SYS_SELECT_H 1
| #define HAVE_SYS_TIME_H 1
| #define HAVE_SYS_TIMEB_H 1
| #define HAVE_TIME_H 1
| #define HAVE_UNISTD_H 1
| #define HAVE_LIMITS_H 1
| #define HAVE_SYS_UTSNAME_H 1
| #define HAVE_SYS_PARAM_H 1
| #define HAVE_RPCSVC_YPCLNT_H 1
| #define TIME_WITH_SYS_TIME 1
| #define HAVE_INT8_T 1
| #define HAVE_UINT8_T 1
| #define HAVE_UINT16_T 1
| #define HAVE_UINT32_T 1
| #define HAVE_SSIZE_T 1
| /* end confdefs.h.  */
| #include <sys/socket.h>
| 
| int
| main ()
| {
| if (sizeof ((socklen_t)))
| 	    return 0;
|   ;
|   return 0;
| }
configure:4551: result: yes
configure:4558: checking for in_addr_t
configure:4558: gcc -c -g -O2 -Wall  conftest.c >&5
configure:4558: $? = 0
configure:4558: gcc -c -g -O2 -Wall  conftest.c >&5
conftest.c: In function 'main':
conftest.c:48:24: error: expected expression before ')' token
 if (sizeof ((in_addr_t)))
                        ^
configure:4558: $? = 1
configure: failed program was:
| /* confdefs.h */
| #define PACKAGE_NAME "newudpl"
| #define PACKAGE_TARNAME "newudpl"
| #define PACKAGE_VERSION "1.7"
| #define PACKAGE_STRING "newudpl 1.7"
| #define PACKAGE_BUGREPORT ""
| #define PACKAGE_URL ""
| #define PACKAGE "newudpl"
| #define VERSION "1.7"
| #define HAVE_LIBM 1
| #define HAVE_LIBNSL 1
| #define STDC_HEADERS 1
| #define HAVE_SYS_TYPES_H 1
| #define HAVE_SYS_STAT_H 1
| #define HAVE_STDLIB_H 1
| #define HAVE_STRING_H 1
| #define HAVE_MEMORY_H 1
| #define HAVE_STRINGS_H 1
| #define HAVE_INTTYPES_H 1
| #define HAVE_STDINT_H 1
| #define HAVE_UNISTD_H 1
| #define HAVE_ARPA_INET_H 1
| #define HAVE_NETDB_H 1
| #define HAVE_NETINET_IN_H 1
| #define HAVE_SYS_SOCKET_H 1
| #define HAVE_SYS_SELECT_H 1
| #define HAVE_SYS_TIME_H 1
| #define HAVE_SYS_TIMEB_H 1
| #define HAVE_TIME_H 1
| #define HAVE_UNISTD_H 1
| #define HAVE_LIMITS_H 1
| #define HAVE_SYS_UTSNAME_H 1
| #define HAVE_SYS_PARAM_H 1
| #define HAVE_RPCSVC_YPCLNT_H 1
| #define TIME_WITH_SYS_TIME 1
| #define HAVE_INT8_T 1
| #define HAVE_UINT8_T 1
| #define HAVE_UINT16_T 1
| #define HAVE_UINT32_T 1
| #define HAVE_SSIZE_T 1
| #define HAVE_SOCKLEN_T 1
| /* end confdefs.h.  */
| #include <netinet/in.h>
| 
| int
| main ()
| {
| if (sizeof ((in_addr_t)))
| 	    return 0;
|   ;
|   return 0;
| }
configure:4558: result: yes
configure:4565: checking for in_port_t
configure:4565: gcc -c -g -O2 -Wall  conftest.c >&5
configure:4565: $? = 0
configure:4565: gcc -c -g -O2 -Wall  conftest.c >&5
conftest.c: In function 'main':
conftest.c:49:24: error: expected expression before ')' token
 if (sizeof ((in_port_t)))
                        ^
configure:4565: $? = 1
configure: failed program was:
| /* confdefs.h */
| #define PACKAGE_NAME "newudpl"
| #define PACKAGE_TARNAME "newudpl"
| #define PACKAGE_VERSION "1.7"
| #define PACKAGE_STRING "newudpl 1.7"
| #define PACKAGE_BUGREPORT ""
| #define PACKAGE_URL ""
| #define PACKAGE "newudpl"
| #define VERSION "1.7"
| #define HAVE_LIBM 1
| #define HAVE_LIBNSL 1
| #define STDC_HEADERS 1
| #define HAVE_SYS_TYPES_H 1
| #define HAVE_SYS_STAT_H 1
| #define HAVE_STDLIB_H 1
| #define HAVE_STRING_H 1
| #define HAVE_MEMORY_H 1
| #define HAVE_STRINGS_H 1
| #define HAVE_INTTYPES_H 1
| #define HAVE_STDINT_H 1
| #define HAVE_UNISTD_H 1
| #define HAVE_ARPA_INET_H 1
| #define HAVE_NETDB_H 1
| #define HAVE_NETINET_IN_H 1
| #define HAVE_SYS_SOCKET_H 1
| #define HAVE_SYS_SELECT_H 1
| #define HAVE_SYS_TIME_H 1
| #define HAVE_SYS_TIMEB_H 1
| #define HAVE_TIME_H 1
| #define HAVE_UNISTD_H 1
| #define HAVE_LIMITS_H 1
| #define HAVE_SYS_UTSNAME_H 1
| #define HAVE_SYS_PARAM_H 1
| #define HAVE_RPCSVC_YPCLNT_H 1
| #define TIME_WITH_SYS_TIME 1
| #define HAVE_INT8_T 1
| #define HAVE_UINT8_T 1
| #define HAVE_UINT16_T 1
| #define HAVE_UINT32_T 1
| #define HAVE_SSIZE_T 1
| #define HAVE_SOCKLEN_T 1
| #define HAVE_IN_ADDR_T 1
| /* end confdefs.h.  */
| #include <netinet/in.h>
| 
| int
| main ()
| {
| if (sizeof ((in_port_t)))
| 	    return 0;
|   ;
|   return 0;
| }
configure:4565: result: yes
configure:4577: checking whether gcc needs -traditional
configure:4611: result: no
configure:4620: checking return type of signal handlers
configure:4638: gcc -c -g -O2 -Wall  conftest.c >&5
conftest.c: In function 'main':
conftest.c:51:10: error: void value not ignored as it ought to be
 return *(signal (0, 0)) (0) == 1;
         ~^~~~~~~~~~~~~~~~~~
configure:4638: $? = 1
configure: failed program was:
| /* confdefs.h */
| #define PACKAGE_NAME "newudpl"
| #define PACKAGE_TARNAME "newudpl"
| #define PACKAGE_VERSION "1.7"
| #define PACKAGE_STRING "newudpl 1.7"
| #define PACKAGE_BUGREPORT ""
| #define PACKAGE_URL ""
| #define PACKAGE "newudpl"
| #define VERSION "1.7"
| #define HAVE_LIBM 1
| #define HAVE_LIBNSL 1
| #define STDC_HEADERS 1
| #define HAVE_SYS_TYPES_H 1
| #define HAVE_SYS_STAT_H 1
| #define HAVE_STDLIB_H 1
| #define HAVE_STRING_H 1
| #define HAVE_MEMORY_H 1
| #define HAVE_STRINGS_H 1
| #define HAVE_INTTYPES_H 1
| #define HAVE_STDINT_H 1
| #define HAVE_UNISTD_H 1
| #define HAVE_ARPA_INET_H 1
| #define HAVE_NETDB_H 1
| #define HAVE_NETINET_IN_H 1
| #define HAVE_SYS_SOCKET_H 1
| #define HAVE_SYS_SELECT_H 1
| #define HAVE_SYS_TIME_H 1
| #define HAVE_SYS_TIMEB_H 1
| #define HAVE_TIME_H 1
| #define HAVE_UNISTD_H 1
| #define HAVE_LIMITS_H 1
| #define HAVE_SYS_UTSNAME_H 1
| #define HAVE_SYS_PARAM_H 1
| #define HAVE_RPCSVC_YPCLNT_H 1
| #define TIME_WITH_SYS_TIME 1
| #define HAVE_INT8_T 1
| #define HAVE_UINT8_T 1
| #define HAVE_UINT16_T 1
| #define HAVE_UINT32_T 1
| #define HAVE_SSIZE_T 1
| #define HAVE_SOCKLEN_T 1
| #define HAVE_IN_ADDR_T 1
| #define HAVE_IN_PORT_T 1
| /* end confdefs.h.  */
| #include <sys/types.h>
| #include <signal.h>
| 
| int
| main ()
| {
| return *(signal (0, 0)) (0) == 1;
|   ;
|   return 0;
| }
configure:4645: result: void
configure:4658: checking for floor
configure:4658: gcc -o conftest -g -O2 -Wall   conftest.c -lnsl -lm  >&5
conftest.c:69:6: warning: conflicting types for built-in function 'floor' [-Wbuiltin-declaration-mismatch]
 char floor ();
      ^~~~~
configure:4658: $? = 0
configure:4658: result: yes
configure:4658: checking for ftruncate
configure:4658: gcc -o conftest -g -O2 -Wall   conftest.c -lnsl -lm  >&5
configure:4658: $? = 0
configure:4658: result: yes
configure:4658: checking for gethostbyaddr
configure:4658: gcc -o conftest -g -O2 -Wall   conftest.c -lnsl -lm  >&5
configure:4658: $? = 0
configure:4658: result: yes
configure:4658: checking for gethostbyname
configure:4658: gcc -o conftest -g -O2 -Wall   conftest.c -lnsl -lm  >&5
configure:4658: $? = 0
configure:4658: result: yes
configure:4658: checking for gethostname
configure:4658: gcc -o conftest -g -O2 -Wall   conftest.c -lnsl -lm  >&5
configure:4658: $? = 0
configure:4658: result: yes
configure:4658: checking for gettimeofday
configure:4658: gcc -o conftest -g -O2 -Wall   conftest.c -lnsl -lm  >&5
configure:4658: $? = 0
configure:4658: result: yes
configure:4658: checking for inet_ntoa
configure:4658: gcc -o conftest -g -O2 -Wall   conftest.c -lnsl -lm  >&5
configure:4658: $? = 0
configure:4658: result: yes
configure:4658: checking for memset
configure:4658: gcc -o conftest -g -O2 -Wall   conftest.c -lnsl -lm  >&5
conftest.c:76:6: warning: conflicting types for built-in function 'memset' [-Wbuiltin-declaration-mismatch]
 char memset ();
      ^~~~~~
configure:4658: $? = 0
configure:4658: result: yes
configure:4658: checking for select
configure:4658: gcc -o conftest -g -O2 -Wall   conftest.c -lnsl -lm  >&5
configure:4658: $? = 0
configure:4658: result: yes
configure:4658: checking for socket
configure:4658: gcc -o conftest -g -O2 -Wall   conftest.c -lnsl -lm  >&5
configure:4658: $? = 0
configure:4658: result: yes
configure:4658: checking for sqrt
configure:4658: gcc -o conftest -g -O2 -Wall   conftest.c -lnsl -lm  >&5
conftest.c:79:6: warning: conflicting types for built-in function 'sqrt' [-Wbuiltin-declaration-mismatch]
 char sqrt ();
      ^~~~
configure:4658: $? = 0
configure:4658: result: yes
configure:4658: checking for strcasecmp
configure:4658: gcc -o conftest -g -O2 -Wall   conftest.c -lnsl -lm  >&5
conftest.c:80:6: warning: conflicting types for built-in function 'strcasecmp' [-Wbuiltin-declaration-mismatch]
 char strcasecmp ();
      ^~~~~~~~~~
configure:4658: $? = 0
configure:4658: result: yes
configure:4658: checking for strerror
configure:4658: gcc -o conftest -g -O2 -Wall   conftest.c -lnsl -lm  >&5
configure:4658: $? = 0
configure:4658: result: yes
configure:4658: checking for strncasecmp
configure:4658: gcc -o conftest -g -O2 -Wall   conftest.c -lnsl -lm  >&5
conftest.c:82:6: warning: conflicting types for built-in function 'strncasecmp' [-Wbuiltin-declaration-mismatch]
 char strncasecmp ();
      ^~~~~~~~~~~
configure:4658: $? = 0
configure:4658: result: yes
configure:4658: checking for strtol
configure:4658: gcc -o conftest -g -O2 -Wall   conftest.c -lnsl -lm  >&5
configure:4658: $? = 0
configure:4658: result: yes
configure:4658: checking for uname
configure:4658: gcc -o conftest -g -O2 -Wall   conftest.c -lnsl -lm  >&5
configure:4658: $? = 0
configure:4658: result: yes
configure:4658: checking for ftime
configure:4658: gcc -o conftest -g -O2 -Wall   conftest.c -lnsl -lm  >&5
configure:4658: $? = 0
configure:4658: result: yes
configure:4658: checking for getopt
configure:4658: gcc -o conftest -g -O2 -Wall   conftest.c -lnsl -lm  >&5
configure:4658: $? = 0
configure:4658: result: yes
configure:4658: checking for setitimer
configure:4658: gcc -o conftest -g -O2 -Wall   conftest.c -lnsl -lm  >&5
configure:4658: $? = 0
configure:4658: result: yes
configure:4658: checking for yp_match
configure:4658: gcc -o conftest -g -O2 -Wall   conftest.c -lnsl -lm  >&5
configure:4658: $? = 0
configure:4658: result: yes
configure:4835: checking that generated files are newer than configure
configure:4841: result: done
configure:4864: creating ./config.status

## ---------------------- ##
## Running config.status. ##
## ---------------------- ##

This file was extended by newudpl config.status 1.7, which was
generated by GNU Autoconf 2.69.  Invocation command line was

  CONFIG_FILES    = 
  CONFIG_HEADERS  = 
  CONFIG_LINKS    = 
  CONFIG_COMMANDS = 
  $ ./config.status 

on tiger-virtual-machine

config.status:784: creating Makefile
config.status:956: executing depfiles commands

## ---------------- ##
## Cache variables. ##
## ---------------- ##

ac_cv_c_compiler_gnu=yes
ac_cv_env_CC_set=
ac_cv_env_CC_value=
ac_cv_env_CFLAGS_set=
ac_cv_env_CFLAGS_value=
ac_cv_env_CPPFLAGS_set=
ac_cv_env_CPPFLAGS_value=
ac_cv_env_CPP_set=
ac_cv_env_CPP_value=
ac_cv_env_LDFLAGS_set=
ac_cv_env_LDFLAGS_value=
ac_cv_env_LIBS_set=
ac_cv_env_LIBS_value=
ac_cv_env_build_alias_set=
ac_cv_env_build_alias_value=
ac_cv_env_host_alias_set=
ac_cv_env_host_alias_value=
ac_cv_env_target_alias_set=
ac_cv_env_target_alias_value=
ac_cv_func_floor=yes
ac_cv_func_ftime=yes
ac_cv_func_ftruncate=yes
ac_cv_func_gethostbyaddr=yes
ac_cv_func_gethostbyname=yes
ac_cv_func_gethostname=yes
ac_cv_func_getopt=yes
ac_cv_func_gettimeofday=yes
ac_cv_func_inet_ntoa=yes
ac_cv_func_memset=yes
ac_cv_func_select=yes
ac_cv_func_setitimer=yes
ac_cv_func_socket=yes
ac_cv_func_sqrt=yes
ac_cv_func_strcasecmp=yes
ac_cv_func_strerror=yes
ac_cv_func_strncasecmp=yes
ac_cv_func_strtol=yes
ac_cv_func_uname=yes
ac_cv_func_yp_match=yes
ac_cv_header_arpa_inet_h=yes
ac_cv_header_inttypes_h=yes
ac_cv_header_limits_h=yes
ac_cv_header_memory_h=yes
ac_cv_header_netdb_h=yes
ac_cv_header_netinet_in_h=yes
ac_cv_header_rpcsvc_ypclnt_h=yes
ac_cv_header_stdc=yes
ac_cv_header_stdint_h=yes
ac_cv_header_stdlib_h=yes
ac_cv_header_string_h=yes
ac_cv_header_strings_h=yes
ac_cv_header_sys_param_h=yes
ac_cv_header_sys_select_h=yes
ac_cv_header_sys_socket_h=yes
ac_cv_header_sys_stat_h=yes
ac_cv_header_sys_time_h=yes
ac_cv_header_sys_timeb_h=yes
ac_cv_header_sys_types_h=yes
ac_cv_header_sys_utsname_h=yes
ac_cv_header_time=yes
ac_cv_header_time_h=yes
ac_cv_header_unistd_h=yes
ac_cv_lib_m_floor=yes
ac_cv_lib_nsl_gethostbyname=yes
ac_cv_lib_socket_bind=no
ac_cv_objext=o
ac_cv_path_EGREP='/bin/grep -E'
ac_cv_path_GREP=/bin/grep
ac_cv_path_install='/usr/bin/install -c'
ac_cv_path_mkdir=/bin/mkdir
ac_cv_prog_AWK=mawk
ac_cv_prog_CPP='gcc -E'
ac_cv_prog_ac_ct_CC=gcc
ac_cv_prog_cc_c89=
ac_cv_prog_cc_g=yes
ac_cv_prog_gcc_traditional=no
ac_cv_prog_make_make_set=yes
ac_cv_type_in_addr_t=yes
ac_cv_type_in_port_t=yes
ac_cv_type_int8_t=yes
ac_cv_type_signal=void
ac_cv_type_socklen_t=yes
ac_cv_type_ssize_t=yes
ac_cv_type_uint16_t=yes
ac_cv_type_uint32_t=yes
ac_cv_type_uint8_t=yes
am_cv_CC_dependencies_compiler_type=gcc3
am_cv_make_support_nested_variables=yes
am_cv_prog_cc_c_o=yes

## ----------------- ##
## Output variables. ##
## ----------------- ##

ACLOCAL='aclocal-1.15'
AMDEPBACKSLASH='\'
AMDEP_FALSE='#'
AMDEP_TRUE=''
AMTAR='$${TAR-tar}'
AM_BACKSLASH='\'
AM_DEFAULT_V='$(AM_DEFAULT_VERBOSITY)'
AM_DEFAULT_VERBOSITY='1'
AM_V='$(V)'
AUTOCONF='autoconf'
AUTOHEADER='autoheader'
AUTOMAKE='automake-1.15'
AWK='mawk'
CC='gcc'
CCDEPMODE='depmode=gcc3'
CFLAGS='-g -O2 -Wall'
CPP='gcc -E'
CPPFLAGS=''
CYGPATH_W='echo'
DEFS='-DPACKAGE_NAME=\"newudpl\" -DPACKAGE_TARNAME=\"newudpl\" -DPACKAGE_VERSION=\"1.7\" -DPACKAGE_STRING=\"newudpl\ 1.7\" -DPACKAGE_BUGREPORT=\"\" -DPACKAGE_URL=\"\" -DPACKAGE=\"newudpl\" -DVERSION=\"1.7\" -DHAVE_LIBM=1 -DHAVE_LIBNSL=1 -DSTDC_HEADERS=1 -DHAVE_SYS_TYPES_H=1 -DHAVE_SYS_STAT_H=1 -DHAVE_STDLIB_H=1 -DHAVE_STRING_H=1 -DHAVE_MEMORY_H=1 -DHAVE_STRINGS_H=1 -DHAVE_INTTYPES_H=1 -DHAVE_STDINT_H=1 -DHAVE_UNISTD_H=1 -DHAVE_ARPA_INET_H=1 -DHAVE_NETDB_H=1 -DHAVE_NETINET_IN_H=1 -DHAVE_SYS_SOCKET_H=1 -DHAVE_SYS_SELECT_H=1 -DHAVE_SYS_TIME_H=1 -DHAVE_SYS_TIMEB_H=1 -DHAVE_TIME_H=1 -DHAVE_UNISTD_H=1 -DHAVE_LIMITS_H=1 -DHAVE_SYS_UTSNAME_H=1 -DHAVE_SYS_PARAM_H=1 -DHAVE_RPCSVC_YPCLNT_H=1 -DTIME_WITH_SYS_TIME=1 -DHAVE_INT8_T=1 -DHAVE_UINT8_T=1 -DHAVE_UINT16_T=1 -DHAVE_UINT32_T=1 -DHAVE_SSIZE_T=1 -DHAVE_SOCKLEN_T=1 -DHAVE_IN_ADDR_T=1 -DHAVE_IN_PORT_T=1 -DRETSIGTYPE=void -DHAVE_FLOOR=1 -DHAVE_FTRUNCATE=1 -DHAVE_GETHOSTBYADDR=1 -DHAVE_GETHOSTBYNAME=1 -DHAVE_GETHOSTNAME=1 -DHAVE_GETTIMEOFDAY=1 -DHAVE_INET_NTOA=1 -DHAVE_MEMSET=1 -DHAVE_SELECT=1 -DHAVE_SOCKET=1 -DHAVE_SQRT=1 -DHAVE_STRCASECMP=1 -DHAVE_STRERROR=1 -DHAVE_STRNCASECMP=1 -DHAVE_STRTOL=1 -DHAVE_UNAME=1 -DHAVE_FTIME=1 -DHAVE_GETOPT=1 -DHAVE_SETITIMER=1 -DHAVE_YP_MATCH=1'
DEPDIR='.deps'
ECHO_C=''
ECHO_N='-n'
ECHO_T=''
EGREP='/bin/grep -E'
EXEEXT=''
GREP='/bin/grep'
INSTALL_DATA='${INSTALL} -m 644'
INSTALL_PROGRAM='${INSTALL}'
INSTALL_SCRIPT='${INSTALL}'
INSTALL_STRIP_PROGRAM='$(install_sh) -c -s'
LDFLAGS=''
LIBOBJS=' ${LIBOBJDIR}gettimeofday$U.o ${LIBOBJDIR}uname$U.o ${LIBOBJDIR}getopt$U.o'
LIBS='-lnsl -lm '
LN_S='ln -s'
LTLIBOBJS=' ${LIBOBJDIR}gettimeofday$U.lo ${LIBOBJDIR}uname$U.lo ${LIBOBJDIR}getopt$U.lo'
MAKEINFO='makeinfo'
MKDIR_P='/bin/mkdir -p'
OBJEXT='o'
PACKAGE='newudpl'
PACKAGE_BUGREPORT=''
PACKAGE_NAME='newudpl'
PACKAGE_STRING='newudpl 1.7'
PACKAGE_TARNAME='newudpl'
PACKAGE_URL=''
PACKAGE_VERSION='1.7'
PATH_SEPARATOR=':'
SET_MAKE=''
SHELL='/bin/bash'
STRIP=''
VERSION='1.7'
ac_ct_CC='gcc'
am__EXEEXT_FALSE=''
am__EXEEXT_TRUE='#'
am__fastdepCC_FALSE='#'
am__fastdepCC_TRUE=''
am__include='include'
am__isrc=''
am__leading_dot='.'
am__nodep='_no'
am__quote=''
am__tar='$${TAR-tar} chof - "$$tardir"'
am__untar='$${TAR-tar} xf -'
bindir='${exec_prefix}/bin'
build_alias=''
datadir='${datarootdir}'
datarootdir='${prefix}/share'
docdir='${datarootdir}/doc/${PACKAGE_TARNAME}'
dvidir='${docdir}'
exec_prefix='${prefix}'
host_alias=''
htmldir='${docdir}'
includedir='${prefix}/include'
infodir='${datarootdir}/info'
install_sh='${SHELL} /home/tiger/Desktop/simple-tcp/newudpl-1.7/install-sh'
libdir='${exec_prefix}/lib'
libexecdir='${exec_prefix}/libexec'
localedir='${datarootdir}/locale'
localstatedir='${prefix}/var'
mandir='${datarootdir}/man'
mkdir_p='$(MKDIR_P)'
oldincludedir='/usr/include'
pdfdir='${docdir}'
prefix='/usr/local'
program_transform_name='s,x,x,'
psdir='${docdir}'
runstatedir='${localstatedir}/run'
sbindir='${exec_prefix}/sbin'
sharedstatedir='${prefix}/com'
sysconfdir='${prefix}/etc'
target_alias=''

## ----------- ##
## confdefs.h. ##
## ----------- ##

/* confdefs.h */
#define PACKAGE_NAME "newudpl"
#define PACKAGE_TARNAME "newudpl"
#define PACKAGE_VERSION "1.7"
#define PACKAGE_STRING "newudpl 1.7"
#define PACKAGE_BUGREPORT ""
#define PACKAGE_URL ""
#define PACKAGE "newudpl"
#define VERSION "1.7"
#define HAVE_LIBM 1
#define HAVE_LIBNSL 1
#define STDC_HEADERS 1
#define HAVE_SYS_TYPES_H 1
#define HAVE_SYS_STAT_H 1
#define HAVE_STDLIB_H 1
#define HAVE_STRING_H 1
#define HAVE_MEMORY_H 1
#define HAVE_STRINGS_H 1
#define HAVE_INTTYPES_H 1
#define HAVE_STDINT_H 1
#define HAVE_UNISTD_H 1
#define HAVE_ARPA_INET_H 1
#define HAVE_NETDB_H 1
#define HAVE_NETINET_IN_H 1
#define HAVE_SYS_SOCKET_H 1
#define HAVE_SYS_SELECT_H 1
#define HAVE_SYS_TIME_H 1
#define HAVE_SYS_TIMEB_H 1
#define HAVE_TIME_H 1
#define HAVE_UNISTD_H 1
#define HAVE_LIMITS_H 1
#define HAVE_SYS_UTSNAME_H 1
#define HAVE_SYS_PARAM_H 1
#define HAVE_RPCSVC_YPCLNT_H 1
#define TIME_WITH_SYS_TIME 1
#define HAVE_INT8_T 1
#define HAVE_UINT8_T 1
#define HAVE_UINT16_T 1
#define HAVE_UINT32_T 1
#define HAVE_SSIZE_T 1
#define HAVE_SOCKLEN_T 1
#define HAVE_IN_ADDR_T 1
#define HAVE_IN_PORT_T 1
#define RETSIGTYPE void
#define HAVE_FLOOR 1
#define HAVE_FTRUNCATE 1
#define HAVE_GETHOSTBYADDR 1
#define HAVE_GETHOSTBYNAME 1
#define HAVE_GETHOSTNAME 1
#define HAVE_GETTIMEOFDAY 1
#define HAVE_INET_NTOA 1
#define HAVE_MEMSET 1
#define HAVE_SELECT 1
#define HAVE_SOCKET 1
#define HAVE_SQRT 1
#define HAVE_STRCASECMP 1
#define HAVE_STRERROR 1
#define HAVE_STRNCASECMP 1
#define HAVE_STRTOL 1
#define HAVE_UNAME 1
#define HAVE_FTIME 1
#define HAVE_GETOPT 1
#define HAVE_SETITIMER 1
#define HAVE_YP_MATCH 1

configure: exit 0
